10-Oct-2023 11:53:53.102 SEVERE [Thread-2] org.apache.catalina.core.ApplicationContext.log La servlet [com.example.gathergrid.HelloApplication] a généré une exception "unload()"
	jakarta.servlet.ServletException: "Servlet.destroy()" de la servlet [com.example.gathergrid.HelloApplication] a généré une exception
		at org.apache.catalina.core.StandardWrapper.unload(StandardWrapper.java:1103)
		at org.apache.catalina.core.StandardWrapper.stopInternal(StandardWrapper.java:1364)
		at org.apache.catalina.util.LifecycleBase.stop(LifecycleBase.java:242)
		at org.apache.catalina.core.StandardContext.stopInternal(StandardContext.java:5081)
		at org.apache.catalina.util.LifecycleBase.stop(LifecycleBase.java:242)
		at org.apache.catalina.core.ContainerBase$StopChild.call(ContainerBase.java:1348)
		at org.apache.catalina.core.ContainerBase$StopChild.call(ContainerBase.java:1337)
		at java.base/java.util.concurrent.FutureTask.run(FutureTask.java:264)
		at org.apache.tomcat.util.threads.InlineExecutorService.execute(InlineExecutorService.java:75)
		at java.base/java.util.concurrent.AbstractExecutorService.submit(AbstractExecutorService.java:140)
		at org.apache.catalina.core.ContainerBase.stopInternal(ContainerBase.java:931)
		at org.apache.catalina.util.LifecycleBase.stop(LifecycleBase.java:242)
		at org.apache.catalina.core.ContainerBase$StopChild.call(ContainerBase.java:1348)
		at org.apache.catalina.core.ContainerBase$StopChild.call(ContainerBase.java:1337)
		at java.base/java.util.concurrent.FutureTask.run(FutureTask.java:264)
		at org.apache.tomcat.util.threads.InlineExecutorService.execute(InlineExecutorService.java:75)
		at java.base/java.util.concurrent.AbstractExecutorService.submit(AbstractExecutorService.java:140)
		at org.apache.catalina.core.ContainerBase.stopInternal(ContainerBase.java:931)
		at org.apache.catalina.util.LifecycleBase.stop(LifecycleBase.java:242)
		at org.apache.catalina.core.StandardService.stopInternal(StandardService.java:496)
		at org.apache.catalina.util.LifecycleBase.stop(LifecycleBase.java:242)
		at org.apache.catalina.core.StandardServer.stopInternal(StandardServer.java:970)
		at org.apache.catalina.util.LifecycleBase.stop(LifecycleBase.java:242)
		at org.apache.catalina.startup.Catalina.stop(Catalina.java:872)
		at org.apache.catalina.startup.Catalina$CatalinaShutdownHook.run(Catalina.java:1011)
	Caused by: java.lang.IllegalStateException: Singleton not set for a4ed4b4c-3fac-4446-aa3d-512d3c085a32 => []
		at org.jboss.weld.bootstrap.api.helpers.RegistrySingletonProvider$RegistrySingleton.get(RegistrySingletonProvider.java:28)
		at org.jboss.weld.Container.instance(Container.java:65)
		at org.jboss.weld.environment.se.WeldContainer.checkDeploymentValidated(WeldContainer.java:359)
		at org.jboss.weld.environment.se.WeldContainer.checkState(WeldContainer.java:354)
		at org.jboss.weld.AbstractCDI.instanceInternal(AbstractCDI.java:154)
		at org.jboss.weld.AbstractCDI.destroy(AbstractCDI.java:112)
		at org.glassfish.jersey.inject.cdi.se.CdiSeInjectionManager.preDestroy(CdiSeInjectionManager.java:251)
		at org.glassfish.jersey.model.internal.ManagedObjectsFinalizer.preDestroy(ManagedObjectsFinalizer.java:70)
		at org.glassfish.jersey.server.ApplicationHandler.onShutdown(ApplicationHandler.java:735)
		at org.glassfish.jersey.servlet.ServletContainer.destroy(ServletContainer.java:333)
		at org.apache.catalina.core.StandardWrapper.unload(StandardWrapper.java:1095)
		... 24 more
10-Oct-2023 12:13:09.515 SEVERE [Thread-2] org.apache.catalina.core.ApplicationContext.log La servlet [com.example.gathergrid.HelloApplication] a généré une exception "unload()"
	jakarta.servlet.ServletException: "Servlet.destroy()" de la servlet [com.example.gathergrid.HelloApplication] a généré une exception
		at org.apache.catalina.core.StandardWrapper.unload(StandardWrapper.java:1103)
		at org.apache.catalina.core.StandardWrapper.stopInternal(StandardWrapper.java:1364)
		at org.apache.catalina.util.LifecycleBase.stop(LifecycleBase.java:242)
		at org.apache.catalina.core.StandardContext.stopInternal(StandardContext.java:5081)
		at org.apache.catalina.util.LifecycleBase.stop(LifecycleBase.java:242)
		at org.apache.catalina.core.ContainerBase$StopChild.call(ContainerBase.java:1348)
		at org.apache.catalina.core.ContainerBase$StopChild.call(ContainerBase.java:1337)
		at java.base/java.util.concurrent.FutureTask.run(FutureTask.java:264)
		at org.apache.tomcat.util.threads.InlineExecutorService.execute(InlineExecutorService.java:75)
		at java.base/java.util.concurrent.AbstractExecutorService.submit(AbstractExecutorService.java:140)
		at org.apache.catalina.core.ContainerBase.stopInternal(ContainerBase.java:931)
		at org.apache.catalina.util.LifecycleBase.stop(LifecycleBase.java:242)
		at org.apache.catalina.core.ContainerBase$StopChild.call(ContainerBase.java:1348)
		at org.apache.catalina.core.ContainerBase$StopChild.call(ContainerBase.java:1337)
		at java.base/java.util.concurrent.FutureTask.run(FutureTask.java:264)
		at org.apache.tomcat.util.threads.InlineExecutorService.execute(InlineExecutorService.java:75)
		at java.base/java.util.concurrent.AbstractExecutorService.submit(AbstractExecutorService.java:140)
		at org.apache.catalina.core.ContainerBase.stopInternal(ContainerBase.java:931)
		at org.apache.catalina.util.LifecycleBase.stop(LifecycleBase.java:242)
		at org.apache.catalina.core.StandardService.stopInternal(StandardService.java:496)
		at org.apache.catalina.util.LifecycleBase.stop(LifecycleBase.java:242)
		at org.apache.catalina.core.StandardServer.stopInternal(StandardServer.java:970)
		at org.apache.catalina.util.LifecycleBase.stop(LifecycleBase.java:242)
		at org.apache.catalina.startup.Catalina.stop(Catalina.java:872)
		at org.apache.catalina.startup.Catalina$CatalinaShutdownHook.run(Catalina.java:1011)
	Caused by: java.lang.IllegalStateException: Singleton not set for bb9e94a7-5da8-46c7-9bcc-9e8ebf04cbdd => []
		at org.jboss.weld.bootstrap.api.helpers.RegistrySingletonProvider$RegistrySingleton.get(RegistrySingletonProvider.java:28)
		at org.jboss.weld.Container.instance(Container.java:65)
		at org.jboss.weld.environment.se.WeldContainer.checkDeploymentValidated(WeldContainer.java:359)
		at org.jboss.weld.environment.se.WeldContainer.checkState(WeldContainer.java:354)
		at org.jboss.weld.AbstractCDI.instanceInternal(AbstractCDI.java:154)
		at org.jboss.weld.AbstractCDI.destroy(AbstractCDI.java:112)
		at org.glassfish.jersey.inject.cdi.se.CdiSeInjectionManager.preDestroy(CdiSeInjectionManager.java:251)
		at org.glassfish.jersey.model.internal.ManagedObjectsFinalizer.preDestroy(ManagedObjectsFinalizer.java:70)
		at org.glassfish.jersey.server.ApplicationHandler.onShutdown(ApplicationHandler.java:735)
		at org.glassfish.jersey.servlet.ServletContainer.destroy(ServletContainer.java:333)
		at org.apache.catalina.core.StandardWrapper.unload(StandardWrapper.java:1095)
		... 24 more
10-Oct-2023 15:46:41.057 SEVERE [Thread-2] org.apache.catalina.core.ApplicationContext.log La servlet [com.example.gathergrid.HelloApplication] a généré une exception "unload()"
	jakarta.servlet.ServletException: "Servlet.destroy()" de la servlet [com.example.gathergrid.HelloApplication] a généré une exception
		at org.apache.catalina.core.StandardWrapper.unload(StandardWrapper.java:1103)
		at org.apache.catalina.core.StandardWrapper.stopInternal(StandardWrapper.java:1364)
		at org.apache.catalina.util.LifecycleBase.stop(LifecycleBase.java:242)
		at org.apache.catalina.core.StandardContext.stopInternal(StandardContext.java:5081)
		at org.apache.catalina.util.LifecycleBase.stop(LifecycleBase.java:242)
		at org.apache.catalina.core.ContainerBase$StopChild.call(ContainerBase.java:1348)
		at org.apache.catalina.core.ContainerBase$StopChild.call(ContainerBase.java:1337)
		at java.base/java.util.concurrent.FutureTask.run(FutureTask.java:264)
		at org.apache.tomcat.util.threads.InlineExecutorService.execute(InlineExecutorService.java:75)
		at java.base/java.util.concurrent.AbstractExecutorService.submit(AbstractExecutorService.java:140)
		at org.apache.catalina.core.ContainerBase.stopInternal(ContainerBase.java:931)
		at org.apache.catalina.util.LifecycleBase.stop(LifecycleBase.java:242)
		at org.apache.catalina.core.ContainerBase$StopChild.call(ContainerBase.java:1348)
		at org.apache.catalina.core.ContainerBase$StopChild.call(ContainerBase.java:1337)
		at java.base/java.util.concurrent.FutureTask.run(FutureTask.java:264)
		at org.apache.tomcat.util.threads.InlineExecutorService.execute(InlineExecutorService.java:75)
		at java.base/java.util.concurrent.AbstractExecutorService.submit(AbstractExecutorService.java:140)
		at org.apache.catalina.core.ContainerBase.stopInternal(ContainerBase.java:931)
		at org.apache.catalina.util.LifecycleBase.stop(LifecycleBase.java:242)
		at org.apache.catalina.core.StandardService.stopInternal(StandardService.java:496)
		at org.apache.catalina.util.LifecycleBase.stop(LifecycleBase.java:242)
		at org.apache.catalina.core.StandardServer.stopInternal(StandardServer.java:970)
		at org.apache.catalina.util.LifecycleBase.stop(LifecycleBase.java:242)
		at org.apache.catalina.startup.Catalina.stop(Catalina.java:872)
		at org.apache.catalina.startup.Catalina$CatalinaShutdownHook.run(Catalina.java:1011)
	Caused by: java.lang.IllegalStateException: Singleton not set for 3e5565ea-a5c9-4a65-bb36-2f1b54e028f7 => []
		at org.jboss.weld.bootstrap.api.helpers.RegistrySingletonProvider$RegistrySingleton.get(RegistrySingletonProvider.java:28)
		at org.jboss.weld.Container.instance(Container.java:65)
		at org.jboss.weld.environment.se.WeldContainer.checkDeploymentValidated(WeldContainer.java:359)
		at org.jboss.weld.environment.se.WeldContainer.checkState(WeldContainer.java:354)
		at org.jboss.weld.AbstractCDI.instanceInternal(AbstractCDI.java:154)
		at org.jboss.weld.AbstractCDI.destroy(AbstractCDI.java:112)
		at org.glassfish.jersey.inject.cdi.se.CdiSeInjectionManager.preDestroy(CdiSeInjectionManager.java:251)
		at org.glassfish.jersey.model.internal.ManagedObjectsFinalizer.preDestroy(ManagedObjectsFinalizer.java:70)
		at org.glassfish.jersey.server.ApplicationHandler.onShutdown(ApplicationHandler.java:735)
		at org.glassfish.jersey.servlet.ServletContainer.destroy(ServletContainer.java:333)
		at org.apache.catalina.core.StandardWrapper.unload(StandardWrapper.java:1095)
		... 24 more
10-Oct-2023 18:08:35.407 SEVERE [Thread-2] org.apache.catalina.core.ApplicationContext.log La servlet [com.example.gathergrid.HelloApplication] a généré une exception "unload()"
	jakarta.servlet.ServletException: "Servlet.destroy()" de la servlet [com.example.gathergrid.HelloApplication] a généré une exception
		at org.apache.catalina.core.StandardWrapper.unload(StandardWrapper.java:1103)
		at org.apache.catalina.core.StandardWrapper.stopInternal(StandardWrapper.java:1364)
		at org.apache.catalina.util.LifecycleBase.stop(LifecycleBase.java:242)
		at org.apache.catalina.core.StandardContext.stopInternal(StandardContext.java:5081)
		at org.apache.catalina.util.LifecycleBase.stop(LifecycleBase.java:242)
		at org.apache.catalina.core.ContainerBase$StopChild.call(ContainerBase.java:1348)
		at org.apache.catalina.core.ContainerBase$StopChild.call(ContainerBase.java:1337)
		at java.base/java.util.concurrent.FutureTask.run(FutureTask.java:264)
		at org.apache.tomcat.util.threads.InlineExecutorService.execute(InlineExecutorService.java:75)
		at java.base/java.util.concurrent.AbstractExecutorService.submit(AbstractExecutorService.java:140)
		at org.apache.catalina.core.ContainerBase.stopInternal(ContainerBase.java:931)
		at org.apache.catalina.util.LifecycleBase.stop(LifecycleBase.java:242)
		at org.apache.catalina.core.ContainerBase$StopChild.call(ContainerBase.java:1348)
		at org.apache.catalina.core.ContainerBase$StopChild.call(ContainerBase.java:1337)
		at java.base/java.util.concurrent.FutureTask.run(FutureTask.java:264)
		at org.apache.tomcat.util.threads.InlineExecutorService.execute(InlineExecutorService.java:75)
		at java.base/java.util.concurrent.AbstractExecutorService.submit(AbstractExecutorService.java:140)
		at org.apache.catalina.core.ContainerBase.stopInternal(ContainerBase.java:931)
		at org.apache.catalina.util.LifecycleBase.stop(LifecycleBase.java:242)
		at org.apache.catalina.core.StandardService.stopInternal(StandardService.java:496)
		at org.apache.catalina.util.LifecycleBase.stop(LifecycleBase.java:242)
		at org.apache.catalina.core.StandardServer.stopInternal(StandardServer.java:970)
		at org.apache.catalina.util.LifecycleBase.stop(LifecycleBase.java:242)
		at org.apache.catalina.startup.Catalina.stop(Catalina.java:872)
		at org.apache.catalina.startup.Catalina$CatalinaShutdownHook.run(Catalina.java:1011)
	Caused by: java.lang.IllegalStateException: WELD-ENV-002002: Weld SE container 7ca631db-893c-4d48-9830-f02d8a3dc871 was already shut down
		at org.jboss.weld.environment.se.WeldContainer.checkIsRunning(WeldContainer.java:370)
		at org.jboss.weld.environment.se.WeldContainer.shutdown(WeldContainer.java:295)
		at org.jboss.weld.environment.se.WeldContainer.close(WeldContainer.java:318)
		at org.glassfish.jersey.inject.cdi.se.CdiSeInjectionManager.shutdown(CdiSeInjectionManager.java:288)
		at org.glassfish.jersey.server.ApplicationHandler.onShutdown(ApplicationHandler.java:736)
		at org.glassfish.jersey.servlet.ServletContainer.destroy(ServletContainer.java:333)
		at org.apache.catalina.core.StandardWrapper.unload(StandardWrapper.java:1095)
		... 24 more
10-Oct-2023 18:08:58.054 SEVERE [Thread-2] org.apache.catalina.core.ApplicationContext.log La servlet [com.example.gathergrid.HelloApplication] a généré une exception "unload()"
	jakarta.servlet.ServletException: "Servlet.destroy()" de la servlet [com.example.gathergrid.HelloApplication] a généré une exception
		at org.apache.catalina.core.StandardWrapper.unload(StandardWrapper.java:1103)
		at org.apache.catalina.core.StandardWrapper.stopInternal(StandardWrapper.java:1364)
		at org.apache.catalina.util.LifecycleBase.stop(LifecycleBase.java:242)
		at org.apache.catalina.core.StandardContext.stopInternal(StandardContext.java:5081)
		at org.apache.catalina.util.LifecycleBase.stop(LifecycleBase.java:242)
		at org.apache.catalina.core.ContainerBase$StopChild.call(ContainerBase.java:1348)
		at org.apache.catalina.core.ContainerBase$StopChild.call(ContainerBase.java:1337)
		at java.base/java.util.concurrent.FutureTask.run(FutureTask.java:264)
		at org.apache.tomcat.util.threads.InlineExecutorService.execute(InlineExecutorService.java:75)
		at java.base/java.util.concurrent.AbstractExecutorService.submit(AbstractExecutorService.java:140)
		at org.apache.catalina.core.ContainerBase.stopInternal(ContainerBase.java:931)
		at org.apache.catalina.util.LifecycleBase.stop(LifecycleBase.java:242)
		at org.apache.catalina.core.ContainerBase$StopChild.call(ContainerBase.java:1348)
		at org.apache.catalina.core.ContainerBase$StopChild.call(ContainerBase.java:1337)
		at java.base/java.util.concurrent.FutureTask.run(FutureTask.java:264)
		at org.apache.tomcat.util.threads.InlineExecutorService.execute(InlineExecutorService.java:75)
		at java.base/java.util.concurrent.AbstractExecutorService.submit(AbstractExecutorService.java:140)
		at org.apache.catalina.core.ContainerBase.stopInternal(ContainerBase.java:931)
		at org.apache.catalina.util.LifecycleBase.stop(LifecycleBase.java:242)
		at org.apache.catalina.core.StandardService.stopInternal(StandardService.java:496)
		at org.apache.catalina.util.LifecycleBase.stop(LifecycleBase.java:242)
		at org.apache.catalina.core.StandardServer.stopInternal(StandardServer.java:970)
		at org.apache.catalina.util.LifecycleBase.stop(LifecycleBase.java:242)
		at org.apache.catalina.startup.Catalina.stop(Catalina.java:872)
		at org.apache.catalina.startup.Catalina$CatalinaShutdownHook.run(Catalina.java:1011)
	Caused by: java.lang.IllegalStateException: Singleton not set for 150b62ab-1c02-4209-8002-881e3896a7db => []
		at org.jboss.weld.bootstrap.api.helpers.RegistrySingletonProvider$RegistrySingleton.get(RegistrySingletonProvider.java:28)
		at org.jboss.weld.Container.instance(Container.java:65)
		at org.jboss.weld.environment.se.WeldContainer.checkDeploymentValidated(WeldContainer.java:359)
		at org.jboss.weld.environment.se.WeldContainer.checkState(WeldContainer.java:354)
		at org.jboss.weld.AbstractCDI.instanceInternal(AbstractCDI.java:154)
		at org.jboss.weld.AbstractCDI.destroy(AbstractCDI.java:112)
		at org.glassfish.jersey.inject.cdi.se.CdiSeInjectionManager.preDestroy(CdiSeInjectionManager.java:251)
		at org.glassfish.jersey.model.internal.ManagedObjectsFinalizer.preDestroy(ManagedObjectsFinalizer.java:70)
		at org.glassfish.jersey.server.ApplicationHandler.onShutdown(ApplicationHandler.java:735)
		at org.glassfish.jersey.servlet.ServletContainer.destroy(ServletContainer.java:333)
		at org.apache.catalina.core.StandardWrapper.unload(StandardWrapper.java:1095)
		... 24 more
10-Oct-2023 18:28:09.775 SEVERE [Thread-2] org.apache.catalina.core.ApplicationContext.log La servlet [com.example.gathergrid.HelloApplication] a généré une exception "unload()"
	jakarta.servlet.ServletException: "Servlet.destroy()" de la servlet [com.example.gathergrid.HelloApplication] a généré une exception
		at org.apache.catalina.core.StandardWrapper.unload(StandardWrapper.java:1103)
		at org.apache.catalina.core.StandardWrapper.stopInternal(StandardWrapper.java:1364)
		at org.apache.catalina.util.LifecycleBase.stop(LifecycleBase.java:242)
		at org.apache.catalina.core.StandardContext.stopInternal(StandardContext.java:5081)
		at org.apache.catalina.util.LifecycleBase.stop(LifecycleBase.java:242)
		at org.apache.catalina.core.ContainerBase$StopChild.call(ContainerBase.java:1348)
		at org.apache.catalina.core.ContainerBase$StopChild.call(ContainerBase.java:1337)
		at java.base/java.util.concurrent.FutureTask.run(FutureTask.java:264)
		at org.apache.tomcat.util.threads.InlineExecutorService.execute(InlineExecutorService.java:75)
		at java.base/java.util.concurrent.AbstractExecutorService.submit(AbstractExecutorService.java:140)
		at org.apache.catalina.core.ContainerBase.stopInternal(ContainerBase.java:931)
		at org.apache.catalina.util.LifecycleBase.stop(LifecycleBase.java:242)
		at org.apache.catalina.core.ContainerBase$StopChild.call(ContainerBase.java:1348)
		at org.apache.catalina.core.ContainerBase$StopChild.call(ContainerBase.java:1337)
		at java.base/java.util.concurrent.FutureTask.run(FutureTask.java:264)
		at org.apache.tomcat.util.threads.InlineExecutorService.execute(InlineExecutorService.java:75)
		at java.base/java.util.concurrent.AbstractExecutorService.submit(AbstractExecutorService.java:140)
		at org.apache.catalina.core.ContainerBase.stopInternal(ContainerBase.java:931)
		at org.apache.catalina.util.LifecycleBase.stop(LifecycleBase.java:242)
		at org.apache.catalina.core.StandardService.stopInternal(StandardService.java:496)
		at org.apache.catalina.util.LifecycleBase.stop(LifecycleBase.java:242)
		at org.apache.catalina.core.StandardServer.stopInternal(StandardServer.java:970)
		at org.apache.catalina.util.LifecycleBase.stop(LifecycleBase.java:242)
		at org.apache.catalina.startup.Catalina.stop(Catalina.java:872)
		at org.apache.catalina.startup.Catalina$CatalinaShutdownHook.run(Catalina.java:1011)
	Caused by: java.lang.IllegalStateException: WELD-ENV-002002: Weld SE container af92d945-76b9-4616-bf79-f8046e3005d2 was already shut down
		at org.jboss.weld.environment.se.WeldContainer.checkIsRunning(WeldContainer.java:370)
		at org.jboss.weld.environment.se.WeldContainer.shutdown(WeldContainer.java:295)
		at org.jboss.weld.environment.se.WeldContainer.close(WeldContainer.java:318)
		at org.glassfish.jersey.inject.cdi.se.CdiSeInjectionManager.shutdown(CdiSeInjectionManager.java:288)
		at org.glassfish.jersey.server.ApplicationHandler.onShutdown(ApplicationHandler.java:736)
		at org.glassfish.jersey.servlet.ServletContainer.destroy(ServletContainer.java:333)
		at org.apache.catalina.core.StandardWrapper.unload(StandardWrapper.java:1095)
		... 24 more
10-Oct-2023 18:29:12.003 SEVERE [Thread-2] org.apache.catalina.core.ApplicationContext.log La servlet [com.example.gathergrid.HelloApplication] a généré une exception "unload()"
	jakarta.servlet.ServletException: "Servlet.destroy()" de la servlet [com.example.gathergrid.HelloApplication] a généré une exception
		at org.apache.catalina.core.StandardWrapper.unload(StandardWrapper.java:1103)
		at org.apache.catalina.core.StandardWrapper.stopInternal(StandardWrapper.java:1364)
		at org.apache.catalina.util.LifecycleBase.stop(LifecycleBase.java:242)
		at org.apache.catalina.core.StandardContext.stopInternal(StandardContext.java:5081)
		at org.apache.catalina.util.LifecycleBase.stop(LifecycleBase.java:242)
		at org.apache.catalina.core.ContainerBase$StopChild.call(ContainerBase.java:1348)
		at org.apache.catalina.core.ContainerBase$StopChild.call(ContainerBase.java:1337)
		at java.base/java.util.concurrent.FutureTask.run(FutureTask.java:264)
		at org.apache.tomcat.util.threads.InlineExecutorService.execute(InlineExecutorService.java:75)
		at java.base/java.util.concurrent.AbstractExecutorService.submit(AbstractExecutorService.java:140)
		at org.apache.catalina.core.ContainerBase.stopInternal(ContainerBase.java:931)
		at org.apache.catalina.util.LifecycleBase.stop(LifecycleBase.java:242)
		at org.apache.catalina.core.ContainerBase$StopChild.call(ContainerBase.java:1348)
		at org.apache.catalina.core.ContainerBase$StopChild.call(ContainerBase.java:1337)
		at java.base/java.util.concurrent.FutureTask.run(FutureTask.java:264)
		at org.apache.tomcat.util.threads.InlineExecutorService.execute(InlineExecutorService.java:75)
		at java.base/java.util.concurrent.AbstractExecutorService.submit(AbstractExecutorService.java:140)
		at org.apache.catalina.core.ContainerBase.stopInternal(ContainerBase.java:931)
		at org.apache.catalina.util.LifecycleBase.stop(LifecycleBase.java:242)
		at org.apache.catalina.core.StandardService.stopInternal(StandardService.java:496)
		at org.apache.catalina.util.LifecycleBase.stop(LifecycleBase.java:242)
		at org.apache.catalina.core.StandardServer.stopInternal(StandardServer.java:970)
		at org.apache.catalina.util.LifecycleBase.stop(LifecycleBase.java:242)
		at org.apache.catalina.startup.Catalina.stop(Catalina.java:872)
		at org.apache.catalina.startup.Catalina$CatalinaShutdownHook.run(Catalina.java:1011)
	Caused by: java.lang.IllegalStateException: Singleton not set for cd01ed13-0920-4307-ba19-f41a4ece7235 => []
		at org.jboss.weld.bootstrap.api.helpers.RegistrySingletonProvider$RegistrySingleton.get(RegistrySingletonProvider.java:28)
		at org.jboss.weld.Container.instance(Container.java:65)
		at org.jboss.weld.environment.se.WeldContainer.checkDeploymentValidated(WeldContainer.java:359)
		at org.jboss.weld.environment.se.WeldContainer.checkState(WeldContainer.java:354)
		at org.jboss.weld.AbstractCDI.instanceInternal(AbstractCDI.java:154)
		at org.jboss.weld.AbstractCDI.destroy(AbstractCDI.java:112)
		at org.glassfish.jersey.inject.cdi.se.CdiSeInjectionManager.preDestroy(CdiSeInjectionManager.java:251)
		at org.glassfish.jersey.model.internal.ManagedObjectsFinalizer.preDestroy(ManagedObjectsFinalizer.java:70)
		at org.glassfish.jersey.server.ApplicationHandler.onShutdown(ApplicationHandler.java:735)
		at org.glassfish.jersey.servlet.ServletContainer.destroy(ServletContainer.java:333)
		at org.apache.catalina.core.StandardWrapper.unload(StandardWrapper.java:1095)
		... 24 more
10-Oct-2023 20:52:28.446 SEVERE [Thread-2] org.apache.catalina.core.ApplicationContext.log La servlet [com.example.gathergrid.HelloApplication] a généré une exception "unload()"
	jakarta.servlet.ServletException: "Servlet.destroy()" de la servlet [com.example.gathergrid.HelloApplication] a généré une exception
		at org.apache.catalina.core.StandardWrapper.unload(StandardWrapper.java:1103)
		at org.apache.catalina.core.StandardWrapper.stopInternal(StandardWrapper.java:1364)
		at org.apache.catalina.util.LifecycleBase.stop(LifecycleBase.java:242)
		at org.apache.catalina.core.StandardContext.stopInternal(StandardContext.java:5081)
		at org.apache.catalina.util.LifecycleBase.stop(LifecycleBase.java:242)
		at org.apache.catalina.core.ContainerBase$StopChild.call(ContainerBase.java:1348)
		at org.apache.catalina.core.ContainerBase$StopChild.call(ContainerBase.java:1337)
		at java.base/java.util.concurrent.FutureTask.run(FutureTask.java:264)
		at org.apache.tomcat.util.threads.InlineExecutorService.execute(InlineExecutorService.java:75)
		at java.base/java.util.concurrent.AbstractExecutorService.submit(AbstractExecutorService.java:140)
		at org.apache.catalina.core.ContainerBase.stopInternal(ContainerBase.java:931)
		at org.apache.catalina.util.LifecycleBase.stop(LifecycleBase.java:242)
		at org.apache.catalina.core.ContainerBase$StopChild.call(ContainerBase.java:1348)
		at org.apache.catalina.core.ContainerBase$StopChild.call(ContainerBase.java:1337)
		at java.base/java.util.concurrent.FutureTask.run(FutureTask.java:264)
		at org.apache.tomcat.util.threads.InlineExecutorService.execute(InlineExecutorService.java:75)
		at java.base/java.util.concurrent.AbstractExecutorService.submit(AbstractExecutorService.java:140)
		at org.apache.catalina.core.ContainerBase.stopInternal(ContainerBase.java:931)
		at org.apache.catalina.util.LifecycleBase.stop(LifecycleBase.java:242)
		at org.apache.catalina.core.StandardService.stopInternal(StandardService.java:496)
		at org.apache.catalina.util.LifecycleBase.stop(LifecycleBase.java:242)
		at org.apache.catalina.core.StandardServer.stopInternal(StandardServer.java:970)
		at org.apache.catalina.util.LifecycleBase.stop(LifecycleBase.java:242)
		at org.apache.catalina.startup.Catalina.stop(Catalina.java:872)
		at org.apache.catalina.startup.Catalina$CatalinaShutdownHook.run(Catalina.java:1011)
	Caused by: java.lang.IllegalStateException: Singleton not set for 764ce0ff-64a6-418c-a57d-f0044ae83258 => []
		at org.jboss.weld.bootstrap.api.helpers.RegistrySingletonProvider$RegistrySingleton.get(RegistrySingletonProvider.java:28)
		at org.jboss.weld.Container.instance(Container.java:65)
		at org.jboss.weld.environment.se.WeldContainer.checkDeploymentValidated(WeldContainer.java:359)
		at org.jboss.weld.environment.se.WeldContainer.checkState(WeldContainer.java:354)
		at org.jboss.weld.AbstractCDI.instanceInternal(AbstractCDI.java:154)
		at org.jboss.weld.AbstractCDI.destroy(AbstractCDI.java:112)
		at org.glassfish.jersey.inject.cdi.se.CdiSeInjectionManager.preDestroy(CdiSeInjectionManager.java:251)
		at org.glassfish.jersey.model.internal.ManagedObjectsFinalizer.preDestroy(ManagedObjectsFinalizer.java:70)
		at org.glassfish.jersey.server.ApplicationHandler.onShutdown(ApplicationHandler.java:735)
		at org.glassfish.jersey.servlet.ServletContainer.destroy(ServletContainer.java:333)
		at org.apache.catalina.core.StandardWrapper.unload(StandardWrapper.java:1095)
		... 24 more
