09-Oct-2023 10:08:22.848 SEVERE [Thread-2] org.apache.catalina.core.ApplicationContext.log La servlet [com.example.gathergrid.HelloApplication] a généré une exception "unload()"
	jakarta.servlet.ServletException: "Servlet.destroy()" de la servlet [com.example.gathergrid.HelloApplication] a généré une exception
		at org.apache.catalina.core.StandardWrapper.unload(StandardWrapper.java:1103)
		at org.apache.catalina.core.StandardWrapper.stopInternal(StandardWrapper.java:1364)
		at org.apache.catalina.util.LifecycleBase.stop(LifecycleBase.java:242)
		at org.apache.catalina.core.StandardContext.stopInternal(StandardContext.java:5081)
		at org.apache.catalina.util.LifecycleBase.stop(LifecycleBase.java:242)
		at org.apache.catalina.core.ContainerBase$StopChild.call(ContainerBase.java:1348)
		at org.apache.catalina.core.ContainerBase$StopChild.call(ContainerBase.java:1337)
		at java.base/java.util.concurrent.FutureTask.run(FutureTask.java:264)
		at org.apache.tomcat.util.threads.InlineExecutorService.execute(InlineExecutorService.java:75)
		at java.base/java.util.concurrent.AbstractExecutorService.submit(AbstractExecutorService.java:140)
		at org.apache.catalina.core.ContainerBase.stopInternal(ContainerBase.java:931)
		at org.apache.catalina.util.LifecycleBase.stop(LifecycleBase.java:242)
		at org.apache.catalina.core.ContainerBase$StopChild.call(ContainerBase.java:1348)
		at org.apache.catalina.core.ContainerBase$StopChild.call(ContainerBase.java:1337)
		at java.base/java.util.concurrent.FutureTask.run(FutureTask.java:264)
		at org.apache.tomcat.util.threads.InlineExecutorService.execute(InlineExecutorService.java:75)
		at java.base/java.util.concurrent.AbstractExecutorService.submit(AbstractExecutorService.java:140)
		at org.apache.catalina.core.ContainerBase.stopInternal(ContainerBase.java:931)
		at org.apache.catalina.util.LifecycleBase.stop(LifecycleBase.java:242)
		at org.apache.catalina.core.StandardService.stopInternal(StandardService.java:496)
		at org.apache.catalina.util.LifecycleBase.stop(LifecycleBase.java:242)
		at org.apache.catalina.core.StandardServer.stopInternal(StandardServer.java:970)
		at org.apache.catalina.util.LifecycleBase.stop(LifecycleBase.java:242)
		at org.apache.catalina.startup.Catalina.stop(Catalina.java:872)
		at org.apache.catalina.startup.Catalina$CatalinaShutdownHook.run(Catalina.java:1011)
	Caused by: java.lang.IllegalStateException: Singleton not set for 556d61b2-40df-4544-b9a8-9885d439b841 => []
		at org.jboss.weld.bootstrap.api.helpers.RegistrySingletonProvider$RegistrySingleton.get(RegistrySingletonProvider.java:28)
		at org.jboss.weld.Container.instance(Container.java:65)
		at org.jboss.weld.environment.se.WeldContainer.checkDeploymentValidated(WeldContainer.java:359)
		at org.jboss.weld.environment.se.WeldContainer.checkState(WeldContainer.java:354)
		at org.jboss.weld.AbstractCDI.instanceInternal(AbstractCDI.java:154)
		at org.jboss.weld.AbstractCDI.destroy(AbstractCDI.java:112)
		at org.glassfish.jersey.inject.cdi.se.CdiSeInjectionManager.preDestroy(CdiSeInjectionManager.java:251)
		at org.glassfish.jersey.model.internal.ManagedObjectsFinalizer.preDestroy(ManagedObjectsFinalizer.java:70)
		at org.glassfish.jersey.server.ApplicationHandler.onShutdown(ApplicationHandler.java:735)
		at org.glassfish.jersey.servlet.ServletContainer.destroy(ServletContainer.java:333)
		at org.apache.catalina.core.StandardWrapper.unload(StandardWrapper.java:1095)
		... 24 more
09-Oct-2023 15:19:06.429 SEVERE [Thread-2] org.apache.catalina.core.ApplicationContext.log La servlet [com.example.gathergrid.HelloApplication] a généré une exception "unload()"
	jakarta.servlet.ServletException: "Servlet.destroy()" de la servlet [com.example.gathergrid.HelloApplication] a généré une exception
		at org.apache.catalina.core.StandardWrapper.unload(StandardWrapper.java:1103)
		at org.apache.catalina.core.StandardWrapper.stopInternal(StandardWrapper.java:1364)
		at org.apache.catalina.util.LifecycleBase.stop(LifecycleBase.java:242)
		at org.apache.catalina.core.StandardContext.stopInternal(StandardContext.java:5081)
		at org.apache.catalina.util.LifecycleBase.stop(LifecycleBase.java:242)
		at org.apache.catalina.core.ContainerBase$StopChild.call(ContainerBase.java:1348)
		at org.apache.catalina.core.ContainerBase$StopChild.call(ContainerBase.java:1337)
		at java.base/java.util.concurrent.FutureTask.run(FutureTask.java:264)
		at org.apache.tomcat.util.threads.InlineExecutorService.execute(InlineExecutorService.java:75)
		at java.base/java.util.concurrent.AbstractExecutorService.submit(AbstractExecutorService.java:140)
		at org.apache.catalina.core.ContainerBase.stopInternal(ContainerBase.java:931)
		at org.apache.catalina.util.LifecycleBase.stop(LifecycleBase.java:242)
		at org.apache.catalina.core.ContainerBase$StopChild.call(ContainerBase.java:1348)
		at org.apache.catalina.core.ContainerBase$StopChild.call(ContainerBase.java:1337)
		at java.base/java.util.concurrent.FutureTask.run(FutureTask.java:264)
		at org.apache.tomcat.util.threads.InlineExecutorService.execute(InlineExecutorService.java:75)
		at java.base/java.util.concurrent.AbstractExecutorService.submit(AbstractExecutorService.java:140)
		at org.apache.catalina.core.ContainerBase.stopInternal(ContainerBase.java:931)
		at org.apache.catalina.util.LifecycleBase.stop(LifecycleBase.java:242)
		at org.apache.catalina.core.StandardService.stopInternal(StandardService.java:496)
		at org.apache.catalina.util.LifecycleBase.stop(LifecycleBase.java:242)
		at org.apache.catalina.core.StandardServer.stopInternal(StandardServer.java:970)
		at org.apache.catalina.util.LifecycleBase.stop(LifecycleBase.java:242)
		at org.apache.catalina.startup.Catalina.stop(Catalina.java:872)
		at org.apache.catalina.startup.Catalina$CatalinaShutdownHook.run(Catalina.java:1011)
	Caused by: java.lang.IllegalStateException: Singleton not set for 7444c274-58ee-4fb0-bc95-43b90cbe141e => []
		at org.jboss.weld.bootstrap.api.helpers.RegistrySingletonProvider$RegistrySingleton.get(RegistrySingletonProvider.java:28)
		at org.jboss.weld.Container.instance(Container.java:65)
		at org.jboss.weld.environment.se.WeldContainer.checkDeploymentValidated(WeldContainer.java:359)
		at org.jboss.weld.environment.se.WeldContainer.checkState(WeldContainer.java:354)
		at org.jboss.weld.AbstractCDI.instanceInternal(AbstractCDI.java:154)
		at org.jboss.weld.AbstractCDI.destroy(AbstractCDI.java:112)
		at org.glassfish.jersey.inject.cdi.se.CdiSeInjectionManager.preDestroy(CdiSeInjectionManager.java:251)
		at org.glassfish.jersey.model.internal.ManagedObjectsFinalizer.preDestroy(ManagedObjectsFinalizer.java:70)
		at org.glassfish.jersey.server.ApplicationHandler.onShutdown(ApplicationHandler.java:735)
		at org.glassfish.jersey.servlet.ServletContainer.destroy(ServletContainer.java:333)
		at org.apache.catalina.core.StandardWrapper.unload(StandardWrapper.java:1095)
		... 24 more
09-Oct-2023 15:19:55.833 SEVERE [Thread-2] org.apache.catalina.core.ApplicationContext.log La servlet [com.example.gathergrid.HelloApplication] a généré une exception "unload()"
	jakarta.servlet.ServletException: "Servlet.destroy()" de la servlet [com.example.gathergrid.HelloApplication] a généré une exception
		at org.apache.catalina.core.StandardWrapper.unload(StandardWrapper.java:1103)
		at org.apache.catalina.core.StandardWrapper.stopInternal(StandardWrapper.java:1364)
		at org.apache.catalina.util.LifecycleBase.stop(LifecycleBase.java:242)
		at org.apache.catalina.core.StandardContext.stopInternal(StandardContext.java:5081)
		at org.apache.catalina.util.LifecycleBase.stop(LifecycleBase.java:242)
		at org.apache.catalina.core.ContainerBase$StopChild.call(ContainerBase.java:1348)
		at org.apache.catalina.core.ContainerBase$StopChild.call(ContainerBase.java:1337)
		at java.base/java.util.concurrent.FutureTask.run(FutureTask.java:264)
		at org.apache.tomcat.util.threads.InlineExecutorService.execute(InlineExecutorService.java:75)
		at java.base/java.util.concurrent.AbstractExecutorService.submit(AbstractExecutorService.java:140)
		at org.apache.catalina.core.ContainerBase.stopInternal(ContainerBase.java:931)
		at org.apache.catalina.util.LifecycleBase.stop(LifecycleBase.java:242)
		at org.apache.catalina.core.ContainerBase$StopChild.call(ContainerBase.java:1348)
		at org.apache.catalina.core.ContainerBase$StopChild.call(ContainerBase.java:1337)
		at java.base/java.util.concurrent.FutureTask.run(FutureTask.java:264)
		at org.apache.tomcat.util.threads.InlineExecutorService.execute(InlineExecutorService.java:75)
		at java.base/java.util.concurrent.AbstractExecutorService.submit(AbstractExecutorService.java:140)
		at org.apache.catalina.core.ContainerBase.stopInternal(ContainerBase.java:931)
		at org.apache.catalina.util.LifecycleBase.stop(LifecycleBase.java:242)
		at org.apache.catalina.core.StandardService.stopInternal(StandardService.java:496)
		at org.apache.catalina.util.LifecycleBase.stop(LifecycleBase.java:242)
		at org.apache.catalina.core.StandardServer.stopInternal(StandardServer.java:970)
		at org.apache.catalina.util.LifecycleBase.stop(LifecycleBase.java:242)
		at org.apache.catalina.startup.Catalina.stop(Catalina.java:872)
		at org.apache.catalina.startup.Catalina$CatalinaShutdownHook.run(Catalina.java:1011)
	Caused by: java.lang.IllegalStateException: Singleton not set for 4337d639-0483-4318-8c50-6146b85fed7e => []
		at org.jboss.weld.bootstrap.api.helpers.RegistrySingletonProvider$RegistrySingleton.get(RegistrySingletonProvider.java:28)
		at org.jboss.weld.Container.instance(Container.java:65)
		at org.jboss.weld.environment.se.WeldContainer.checkDeploymentValidated(WeldContainer.java:359)
		at org.jboss.weld.environment.se.WeldContainer.checkState(WeldContainer.java:354)
		at org.jboss.weld.AbstractCDI.instanceInternal(AbstractCDI.java:154)
		at org.jboss.weld.AbstractCDI.destroy(AbstractCDI.java:112)
		at org.glassfish.jersey.inject.cdi.se.CdiSeInjectionManager.preDestroy(CdiSeInjectionManager.java:251)
		at org.glassfish.jersey.model.internal.ManagedObjectsFinalizer.preDestroy(ManagedObjectsFinalizer.java:70)
		at org.glassfish.jersey.server.ApplicationHandler.onShutdown(ApplicationHandler.java:735)
		at org.glassfish.jersey.servlet.ServletContainer.destroy(ServletContainer.java:333)
		at org.apache.catalina.core.StandardWrapper.unload(StandardWrapper.java:1095)
		... 24 more
09-Oct-2023 15:50:07.933 SEVERE [Thread-2] org.apache.catalina.core.ApplicationContext.log La servlet [com.example.gathergrid.HelloApplication] a généré une exception "unload()"
	jakarta.servlet.ServletException: "Servlet.destroy()" de la servlet [com.example.gathergrid.HelloApplication] a généré une exception
		at org.apache.catalina.core.StandardWrapper.unload(StandardWrapper.java:1103)
		at org.apache.catalina.core.StandardWrapper.stopInternal(StandardWrapper.java:1364)
		at org.apache.catalina.util.LifecycleBase.stop(LifecycleBase.java:242)
		at org.apache.catalina.core.StandardContext.stopInternal(StandardContext.java:5081)
		at org.apache.catalina.util.LifecycleBase.stop(LifecycleBase.java:242)
		at org.apache.catalina.core.ContainerBase$StopChild.call(ContainerBase.java:1348)
		at org.apache.catalina.core.ContainerBase$StopChild.call(ContainerBase.java:1337)
		at java.base/java.util.concurrent.FutureTask.run(FutureTask.java:264)
		at org.apache.tomcat.util.threads.InlineExecutorService.execute(InlineExecutorService.java:75)
		at java.base/java.util.concurrent.AbstractExecutorService.submit(AbstractExecutorService.java:140)
		at org.apache.catalina.core.ContainerBase.stopInternal(ContainerBase.java:931)
		at org.apache.catalina.util.LifecycleBase.stop(LifecycleBase.java:242)
		at org.apache.catalina.core.ContainerBase$StopChild.call(ContainerBase.java:1348)
		at org.apache.catalina.core.ContainerBase$StopChild.call(ContainerBase.java:1337)
		at java.base/java.util.concurrent.FutureTask.run(FutureTask.java:264)
		at org.apache.tomcat.util.threads.InlineExecutorService.execute(InlineExecutorService.java:75)
		at java.base/java.util.concurrent.AbstractExecutorService.submit(AbstractExecutorService.java:140)
		at org.apache.catalina.core.ContainerBase.stopInternal(ContainerBase.java:931)
		at org.apache.catalina.util.LifecycleBase.stop(LifecycleBase.java:242)
		at org.apache.catalina.core.StandardService.stopInternal(StandardService.java:496)
		at org.apache.catalina.util.LifecycleBase.stop(LifecycleBase.java:242)
		at org.apache.catalina.core.StandardServer.stopInternal(StandardServer.java:970)
		at org.apache.catalina.util.LifecycleBase.stop(LifecycleBase.java:242)
		at org.apache.catalina.startup.Catalina.stop(Catalina.java:872)
		at org.apache.catalina.startup.Catalina$CatalinaShutdownHook.run(Catalina.java:1011)
	Caused by: java.lang.IllegalStateException: Singleton not set for fb4e387b-5684-4459-8ce0-f9a8523fce8d => []
		at org.jboss.weld.bootstrap.api.helpers.RegistrySingletonProvider$RegistrySingleton.get(RegistrySingletonProvider.java:28)
		at org.jboss.weld.Container.instance(Container.java:65)
		at org.jboss.weld.environment.se.WeldContainer.checkDeploymentValidated(WeldContainer.java:359)
		at org.jboss.weld.environment.se.WeldContainer.checkState(WeldContainer.java:354)
		at org.jboss.weld.AbstractCDI.instanceInternal(AbstractCDI.java:154)
		at org.jboss.weld.AbstractCDI.destroy(AbstractCDI.java:112)
		at org.glassfish.jersey.inject.cdi.se.CdiSeInjectionManager.preDestroy(CdiSeInjectionManager.java:251)
		at org.glassfish.jersey.model.internal.ManagedObjectsFinalizer.preDestroy(ManagedObjectsFinalizer.java:70)
		at org.glassfish.jersey.server.ApplicationHandler.onShutdown(ApplicationHandler.java:735)
		at org.glassfish.jersey.servlet.ServletContainer.destroy(ServletContainer.java:333)
		at org.apache.catalina.core.StandardWrapper.unload(StandardWrapper.java:1095)
		... 24 more
09-Oct-2023 16:26:51.901 SEVERE [Thread-2] org.apache.catalina.core.ApplicationContext.log La servlet [com.example.gathergrid.HelloApplication] a généré une exception "unload()"
	jakarta.servlet.ServletException: "Servlet.destroy()" de la servlet [com.example.gathergrid.HelloApplication] a généré une exception
		at org.apache.catalina.core.StandardWrapper.unload(StandardWrapper.java:1103)
		at org.apache.catalina.core.StandardWrapper.stopInternal(StandardWrapper.java:1364)
		at org.apache.catalina.util.LifecycleBase.stop(LifecycleBase.java:242)
		at org.apache.catalina.core.StandardContext.stopInternal(StandardContext.java:5081)
		at org.apache.catalina.util.LifecycleBase.stop(LifecycleBase.java:242)
		at org.apache.catalina.core.ContainerBase$StopChild.call(ContainerBase.java:1348)
		at org.apache.catalina.core.ContainerBase$StopChild.call(ContainerBase.java:1337)
		at java.base/java.util.concurrent.FutureTask.run(FutureTask.java:264)
		at org.apache.tomcat.util.threads.InlineExecutorService.execute(InlineExecutorService.java:75)
		at java.base/java.util.concurrent.AbstractExecutorService.submit(AbstractExecutorService.java:140)
		at org.apache.catalina.core.ContainerBase.stopInternal(ContainerBase.java:931)
		at org.apache.catalina.util.LifecycleBase.stop(LifecycleBase.java:242)
		at org.apache.catalina.core.ContainerBase$StopChild.call(ContainerBase.java:1348)
		at org.apache.catalina.core.ContainerBase$StopChild.call(ContainerBase.java:1337)
		at java.base/java.util.concurrent.FutureTask.run(FutureTask.java:264)
		at org.apache.tomcat.util.threads.InlineExecutorService.execute(InlineExecutorService.java:75)
		at java.base/java.util.concurrent.AbstractExecutorService.submit(AbstractExecutorService.java:140)
		at org.apache.catalina.core.ContainerBase.stopInternal(ContainerBase.java:931)
		at org.apache.catalina.util.LifecycleBase.stop(LifecycleBase.java:242)
		at org.apache.catalina.core.StandardService.stopInternal(StandardService.java:496)
		at org.apache.catalina.util.LifecycleBase.stop(LifecycleBase.java:242)
		at org.apache.catalina.core.StandardServer.stopInternal(StandardServer.java:970)
		at org.apache.catalina.util.LifecycleBase.stop(LifecycleBase.java:242)
		at org.apache.catalina.startup.Catalina.stop(Catalina.java:872)
		at org.apache.catalina.startup.Catalina$CatalinaShutdownHook.run(Catalina.java:1011)
	Caused by: java.lang.IllegalStateException: Singleton not set for 609fff4b-7019-46ef-9744-ccdd7ae7e5c5 => []
		at org.jboss.weld.bootstrap.api.helpers.RegistrySingletonProvider$RegistrySingleton.get(RegistrySingletonProvider.java:28)
		at org.jboss.weld.Container.instance(Container.java:65)
		at org.jboss.weld.environment.se.WeldContainer.checkDeploymentValidated(WeldContainer.java:359)
		at org.jboss.weld.environment.se.WeldContainer.checkState(WeldContainer.java:354)
		at org.jboss.weld.AbstractCDI.instanceInternal(AbstractCDI.java:154)
		at org.jboss.weld.AbstractCDI.destroy(AbstractCDI.java:112)
		at org.glassfish.jersey.inject.cdi.se.CdiSeInjectionManager.preDestroy(CdiSeInjectionManager.java:251)
		at org.glassfish.jersey.model.internal.ManagedObjectsFinalizer.preDestroy(ManagedObjectsFinalizer.java:70)
		at org.glassfish.jersey.server.ApplicationHandler.onShutdown(ApplicationHandler.java:735)
		at org.glassfish.jersey.servlet.ServletContainer.destroy(ServletContainer.java:333)
		at org.apache.catalina.core.StandardWrapper.unload(StandardWrapper.java:1095)
		... 24 more
09-Oct-2023 19:43:05.628 SEVERE [Thread-2] org.apache.catalina.core.ApplicationContext.log La servlet [com.example.gathergrid.HelloApplication] a généré une exception "unload()"
	jakarta.servlet.ServletException: "Servlet.destroy()" de la servlet [com.example.gathergrid.HelloApplication] a généré une exception
		at org.apache.catalina.core.StandardWrapper.unload(StandardWrapper.java:1103)
		at org.apache.catalina.core.StandardWrapper.stopInternal(StandardWrapper.java:1364)
		at org.apache.catalina.util.LifecycleBase.stop(LifecycleBase.java:242)
		at org.apache.catalina.core.StandardContext.stopInternal(StandardContext.java:5081)
		at org.apache.catalina.util.LifecycleBase.stop(LifecycleBase.java:242)
		at org.apache.catalina.core.ContainerBase$StopChild.call(ContainerBase.java:1348)
		at org.apache.catalina.core.ContainerBase$StopChild.call(ContainerBase.java:1337)
		at java.base/java.util.concurrent.FutureTask.run(FutureTask.java:264)
		at org.apache.tomcat.util.threads.InlineExecutorService.execute(InlineExecutorService.java:75)
		at java.base/java.util.concurrent.AbstractExecutorService.submit(AbstractExecutorService.java:140)
		at org.apache.catalina.core.ContainerBase.stopInternal(ContainerBase.java:931)
		at org.apache.catalina.util.LifecycleBase.stop(LifecycleBase.java:242)
		at org.apache.catalina.core.ContainerBase$StopChild.call(ContainerBase.java:1348)
		at org.apache.catalina.core.ContainerBase$StopChild.call(ContainerBase.java:1337)
		at java.base/java.util.concurrent.FutureTask.run(FutureTask.java:264)
		at org.apache.tomcat.util.threads.InlineExecutorService.execute(InlineExecutorService.java:75)
		at java.base/java.util.concurrent.AbstractExecutorService.submit(AbstractExecutorService.java:140)
		at org.apache.catalina.core.ContainerBase.stopInternal(ContainerBase.java:931)
		at org.apache.catalina.util.LifecycleBase.stop(LifecycleBase.java:242)
		at org.apache.catalina.core.StandardService.stopInternal(StandardService.java:496)
		at org.apache.catalina.util.LifecycleBase.stop(LifecycleBase.java:242)
		at org.apache.catalina.core.StandardServer.stopInternal(StandardServer.java:970)
		at org.apache.catalina.util.LifecycleBase.stop(LifecycleBase.java:242)
		at org.apache.catalina.startup.Catalina.stop(Catalina.java:872)
		at org.apache.catalina.startup.Catalina$CatalinaShutdownHook.run(Catalina.java:1011)
	Caused by: java.lang.IllegalStateException: Singleton not set for 6cc22d1c-081e-492e-bd59-0c62bf7ddb7a => []
		at org.jboss.weld.bootstrap.api.helpers.RegistrySingletonProvider$RegistrySingleton.get(RegistrySingletonProvider.java:28)
		at org.jboss.weld.Container.instance(Container.java:65)
		at org.jboss.weld.environment.se.WeldContainer.checkDeploymentValidated(WeldContainer.java:359)
		at org.jboss.weld.environment.se.WeldContainer.checkState(WeldContainer.java:354)
		at org.jboss.weld.AbstractCDI.instanceInternal(AbstractCDI.java:154)
		at org.jboss.weld.AbstractCDI.destroy(AbstractCDI.java:112)
		at org.glassfish.jersey.inject.cdi.se.CdiSeInjectionManager.preDestroy(CdiSeInjectionManager.java:251)
		at org.glassfish.jersey.model.internal.ManagedObjectsFinalizer.preDestroy(ManagedObjectsFinalizer.java:70)
		at org.glassfish.jersey.server.ApplicationHandler.onShutdown(ApplicationHandler.java:735)
		at org.glassfish.jersey.servlet.ServletContainer.destroy(ServletContainer.java:333)
		at org.apache.catalina.core.StandardWrapper.unload(StandardWrapper.java:1095)
		... 24 more
